[2018-12-06 16:03:46]
[Unsupported] Windows(R), ProfessionalEducation edition(3f1afc82-f8ac-4f6c-8005-1d233e606eee) System: 10 Education
[2018-12-06 16:03:50]
[Unsupported] Windows(R), ProfessionalWorkstation edition(82bbc092-bc50-4e16-8e18-b74fc486aec3) System: 10 Education
[2018-12-06 16:04:00]
Microsoft (R) Windows Script Host Version 5.812
版权所有(C) Microsoft Corporation。保留所有权利。

---Processing--------------------------
---------------------------------------
Installed product key detected - attempting to activate the following product:
SKU ID: b322da9c-a2e2-4058-9e4e-f59a6970bd69
LICENSE NAME: Office 15, OfficeProPlusVL_KMS_Client edition
LICENSE DESCRIPTION: Office 15, VOLUME_KMSCLIENT channel
Last 5 characters of installed product key: GVGXT
<Product activation successful>
---------------------------------------
---------------------------------------
---Exiting-----------------------------

[2018-12-06 16:04:06]
Microsoft (R) Windows Script Host Version 5.812
版权所有(C) Microsoft Corporation。保留所有权利。

正在激活 Windows(R), Education edition (e0c42288-980c-4788-a014-c080d2e1926e) ...
成功地激活了产品。



